INFO  04:37:35 Application started. Press Ctrl+C to shut down.
INFO  04:37:35 Application started. Press Ctrl+C to shut down.
INFO  04:37:35 Hosting environment: Development
INFO  04:37:35 Hosting environment: Development
INFO  04:37:35 Content root path: C:\Users\manis\source\repos\Customer_Microservice\Customer_Microservice
INFO  04:37:35 Content root path: C:\Users\manis\source\repos\Customer_Microservice\Customer_Microservice
INFO  04:40:02 Application started. Press Ctrl+C to shut down.
INFO  04:40:02 Application started. Press Ctrl+C to shut down.
INFO  04:40:02 Hosting environment: Development
INFO  04:40:02 Hosting environment: Development
INFO  04:40:02 Content root path: C:\Users\manis\source\repos\Customer_Microservice\Customer_Microservice
INFO  04:40:02 Content root path: C:\Users\manis\source\repos\Customer_Microservice\Customer_Microservice
INFO  04:42:13 Application started. Press Ctrl+C to shut down.
INFO  04:42:13 Application started. Press Ctrl+C to shut down.
INFO  04:42:13 Hosting environment: Development
INFO  04:42:13 Hosting environment: Development
INFO  04:42:13 Content root path: C:\Users\manis\source\repos\Customer_Microservice\Customer_Microservice
INFO  04:42:13 Content root path: C:\Users\manis\source\repos\Customer_Microservice\Customer_Microservice
INFO  04:43:27 Application started. Press Ctrl+C to shut down.
INFO  04:43:27 Application started. Press Ctrl+C to shut down.
INFO  04:43:27 Hosting environment: Development
INFO  04:43:27 Hosting environment: Development
INFO  04:43:27 Content root path: C:\Users\manis\source\repos\Customer_Microservice\Customer_Microservice
INFO  04:43:27 Content root path: C:\Users\manis\source\repos\Customer_Microservice\Customer_Microservice
INFO  04:43:38 Get Customer Details is called with id:1
INFO  04:43:48 Get Customer Details is called with id:2
INFO  04:43:54 Get Customer Details is called with id:3
INFO  04:43:59 Get Customer Details is called with id:1
INFO  05:15:17 Application started. Press Ctrl+C to shut down.
INFO  05:15:17 Application started. Press Ctrl+C to shut down.
INFO  05:15:17 Hosting environment: Development
INFO  05:15:17 Hosting environment: Development
INFO  05:15:17 Content root path: C:\Users\manis\source\repos\Customer_Microservice\Customer_Microservice
INFO  05:15:17 Content root path: C:\Users\manis\source\repos\Customer_Microservice\Customer_Microservice
INFO  06:31:08 Application started. Press Ctrl+C to shut down.
INFO  06:31:08 Application started. Press Ctrl+C to shut down.
INFO  06:31:08 Hosting environment: Development
INFO  06:31:08 Hosting environment: Development
INFO  06:31:08 Content root path: C:\Users\manis\source\repos\Customer_Microservice\Customer_Microservice
INFO  06:31:08 Content root path: C:\Users\manis\source\repos\Customer_Microservice\Customer_Microservice
INFO  07:21:29 Application started. Press Ctrl+C to shut down.
INFO  07:21:29 Application started. Press Ctrl+C to shut down.
INFO  07:21:29 Hosting environment: Development
INFO  07:21:29 Hosting environment: Development
INFO  07:21:29 Content root path: C:\Users\manis\source\repos\Customer_Microservice\Customer_Microservice
INFO  07:21:29 Content root path: C:\Users\manis\source\repos\Customer_Microservice\Customer_Microservice
INFO  07:23:08 Creation of customer is initiated
INFO  07:23:10 Creation of customer is initiated
INFO  07:36:43 Get Customer Details is called with id:1
INFO  07:50:29 Creation of customer is initiated
INFO  09:04:40 Creation of customer is initiated
INFO  09:11:44 Get Customer Details is called with id:1
INFO  09:12:11 Get Customer Details is called with id:2
INFO  09:16:10 Application started. Press Ctrl+C to shut down.
INFO  09:16:10 Application started. Press Ctrl+C to shut down.
INFO  09:16:10 Hosting environment: Development
INFO  09:16:10 Hosting environment: Development
INFO  09:16:10 Content root path: C:\Users\manis\source\repos\Customer_Microservice\Customer_Microservice
INFO  09:16:10 Content root path: C:\Users\manis\source\repos\Customer_Microservice\Customer_Microservice
INFO  09:21:27 Application started. Press Ctrl+C to shut down.
INFO  09:21:27 Application started. Press Ctrl+C to shut down.
INFO  09:21:27 Hosting environment: Development
INFO  09:21:27 Hosting environment: Development
INFO  09:21:27 Content root path: C:\Users\manis\source\repos\Customer_Microservice\Customer_Microservice
INFO  09:21:27 Content root path: C:\Users\manis\source\repos\Customer_Microservice\Customer_Microservice
INFO  09:33:26 Application started. Press Ctrl+C to shut down.
INFO  09:33:26 Application started. Press Ctrl+C to shut down.
INFO  09:33:26 Hosting environment: Development
INFO  09:33:26 Hosting environment: Development
INFO  09:33:26 Content root path: C:\Users\manis\source\repos\Customer_Microservice\Customer_Microservice
INFO  09:33:26 Content root path: C:\Users\manis\source\repos\Customer_Microservice\Customer_Microservice
